This file contains any messages produced by compilers while
running configure, to aid debugging if configure makes a mistake.

It was created by bluez configure 5.48, which was
generated by GNU Autoconf 2.69.  Invocation command line was

  $ ./configure --prefix=/usr --mandir=/usr/share/man --sysconfdir=/etc --localstatedir=/var

## --------- ##
## Platform. ##
## --------- ##

hostname = raspberrypi
uname -m = armv7l
uname -r = 4.9.59-v7+
uname -s = Linux
uname -v = #1047 SMP Sun Oct 29 12:19:23 GMT 2017

/usr/bin/uname -p = unknown
/bin/uname -X     = unknown

/bin/arch              = unknown
/usr/bin/arch -k       = unknown
/usr/convex/getsysinfo = unknown
/usr/bin/hostinfo      = unknown
/bin/machine           = unknown
/usr/bin/oslevel       = unknown
/bin/universe          = unknown

PATH: /usr/local/sbin
PATH: /usr/local/bin
PATH: /usr/sbin
PATH: /usr/bin
PATH: /sbin
PATH: /bin
PATH: /usr/local/games
PATH: /usr/games


## ----------- ##
## Core tests. ##
## ----------- ##

configure:2488: checking for a BSD-compatible install
configure:2556: result: /usr/bin/install -c
configure:2567: checking whether build environment is sane
configure:2622: result: yes
configure:2773: checking for a thread-safe mkdir -p
configure:2812: result: /bin/mkdir -p
configure:2819: checking for gawk
configure:2849: result: no
configure:2819: checking for mawk
configure:2835: found /usr/bin/mawk
configure:2846: result: mawk
configure:2857: checking whether make sets $(MAKE)
configure:2879: result: yes
configure:2908: checking whether make supports nested variables
configure:2925: result: yes
configure:3004: checking how to create a pax tar archive
configure:3015: tar --version
tar (GNU tar) 1.29
Copyright (C) 2015 Free Software Foundation, Inc.
License GPLv3+: GNU GPL version 3 or later <http://gnu.org/licenses/gpl.html>.
This is free software: you are free to change and redistribute it.
There is NO WARRANTY, to the extent permitted by law.

Written by John Gilmore and Jay Fenlason.
configure:3018: $? = 0
configure:3058: tardir=conftest.dir && eval tar --format=posix -chf - "$tardir" >conftest.tar
configure:3061: $? = 0
configure:3065: tar -xf - <conftest.tar
configure:3068: $? = 0
configure:3070: cat conftest.dir/file
GrepMe
configure:3073: $? = 0
configure:3086: result: gnutar
configure:3150: checking for style of include used by make
configure:3178: result: GNU
configure:3249: checking for gcc
configure:3265: found /usr/bin/gcc
configure:3276: result: gcc
configure:3505: checking for C compiler version
configure:3514: gcc --version >&5
gcc (Raspbian 6.3.0-18+rpi1) 6.3.0 20170516
Copyright (C) 2016 Free Software Foundation, Inc.
This is free software; see the source for copying conditions.  There is NO
warranty; not even for MERCHANTABILITY or FITNESS FOR A PARTICULAR PURPOSE.

configure:3525: $? = 0
configure:3514: gcc -v >&5
Using built-in specs.
COLLECT_GCC=gcc
COLLECT_LTO_WRAPPER=/usr/lib/gcc/arm-linux-gnueabihf/6/lto-wrapper
Target: arm-linux-gnueabihf
Configured with: ../src/configure -v --with-pkgversion='Raspbian 6.3.0-18+rpi1' --with-bugurl=file:///usr/share/doc/gcc-6/README.Bugs --enable-languages=c,ada,c++,java,go,d,fortran,objc,obj-c++ --prefix=/usr --program-suffix=-6 --program-prefix=arm-linux-gnueabihf- --enable-shared --enable-linker-build-id --libexecdir=/usr/lib --without-included-gettext --enable-threads=posix --libdir=/usr/lib --enable-nls --with-sysroot=/ --enable-clocale=gnu --enable-libstdcxx-debug --enable-libstdcxx-time=yes --with-default-libstdcxx-abi=new --enable-gnu-unique-object --disable-libitm --disable-libquadmath --enable-plugin --with-system-zlib --disable-browser-plugin --enable-java-awt=gtk --enable-gtk-cairo --with-java-home=/usr/lib/jvm/java-1.5.0-gcj-6-armhf/jre --enable-java-home --with-jvm-root-dir=/usr/lib/jvm/java-1.5.0-gcj-6-armhf --with-jvm-jar-dir=/usr/lib/jvm-exports/java-1.5.0-gcj-6-armhf --with-arch-directory=arm --with-ecj-jar=/usr/share/java/eclipse-ecj.jar --with-target-system-zlib --enable-objc-gc=auto --enable-multiarch --disable-sjlj-exceptions --with-arch=armv6 --with-fpu=vfp --with-float=hard --enable-checking=release --build=arm-linux-gnueabihf --host=arm-linux-gnueabihf --target=arm-linux-gnueabihf
Thread model: posix
gcc version 6.3.0 20170516 (Raspbian 6.3.0-18+rpi1) 
configure:3525: $? = 0
configure:3514: gcc -V >&5
gcc: error: unrecognized command line option '-V'
gcc: fatal error: no input files
compilation terminated.
configure:3525: $? = 1
configure:3514: gcc -qversion >&5
gcc: error: unrecognized command line option '-qversion'; did you mean '--version'?
gcc: fatal error: no input files
compilation terminated.
configure:3525: $? = 1
configure:3545: checking whether the C compiler works
configure:3567: gcc    conftest.c  >&5
configure:3571: $? = 0
configure:3619: result: yes
configure:3622: checking for C compiler default output file name
configure:3624: result: a.out
configure:3630: checking for suffix of executables
configure:3637: gcc -o conftest    conftest.c  >&5
configure:3641: $? = 0
configure:3663: result: 
configure:3685: checking whether we are cross compiling
configure:3693: gcc -o conftest    conftest.c  >&5
configure:3697: $? = 0
configure:3704: ./conftest
configure:3708: $? = 0
configure:3723: result: no
configure:3728: checking for suffix of object files
configure:3750: gcc -c   conftest.c >&5
configure:3754: $? = 0
configure:3775: result: o
configure:3779: checking whether we are using the GNU C compiler
configure:3798: gcc -c   conftest.c >&5
configure:3798: $? = 0
configure:3807: result: yes
configure:3816: checking whether gcc accepts -g
configure:3836: gcc -c -g  conftest.c >&5
configure:3836: $? = 0
configure:3877: result: yes
configure:3894: checking for gcc option to accept ISO C89
configure:3957: gcc  -c -g -O2  conftest.c >&5
configure:3957: $? = 0
configure:3970: result: none needed
configure:3995: checking whether gcc understands -c and -o together
configure:4017: gcc -c conftest.c -o conftest2.o
configure:4020: $? = 0
configure:4017: gcc -c conftest.c -o conftest2.o
configure:4020: $? = 0
configure:4032: result: yes
configure:4051: checking dependency style of gcc
configure:4162: result: gcc3
configure:4183: checking how to run the C preprocessor
configure:4214: gcc -E  conftest.c
configure:4214: $? = 0
configure:4228: gcc -E  conftest.c
conftest.c:11:28: fatal error: ac_nonexistent.h: No such file or directory
 #include <ac_nonexistent.h>
                            ^
compilation terminated.
configure:4228: $? = 1
configure: failed program was:
| /* confdefs.h */
| #define PACKAGE_NAME "bluez"
| #define PACKAGE_TARNAME "bluez"
| #define PACKAGE_VERSION "5.48"
| #define PACKAGE_STRING "bluez 5.48"
| #define PACKAGE_BUGREPORT ""
| #define PACKAGE_URL ""
| #define PACKAGE "bluez"
| #define VERSION "5.48"
| /* end confdefs.h.  */
| #include <ac_nonexistent.h>
configure:4253: result: gcc -E
configure:4273: gcc -E  conftest.c
configure:4273: $? = 0
configure:4287: gcc -E  conftest.c
conftest.c:11:28: fatal error: ac_nonexistent.h: No such file or directory
 #include <ac_nonexistent.h>
                            ^
compilation terminated.
configure:4287: $? = 1
configure: failed program was:
| /* confdefs.h */
| #define PACKAGE_NAME "bluez"
| #define PACKAGE_TARNAME "bluez"
| #define PACKAGE_VERSION "5.48"
| #define PACKAGE_STRING "bluez 5.48"
| #define PACKAGE_BUGREPORT ""
| #define PACKAGE_URL ""
| #define PACKAGE "bluez"
| #define VERSION "5.48"
| /* end confdefs.h.  */
| #include <ac_nonexistent.h>
configure:4316: checking for grep that handles long lines and -e
configure:4374: result: /bin/grep
configure:4379: checking for egrep
configure:4441: result: /bin/grep -E
configure:4446: checking for ANSI C header files
configure:4466: gcc -c -g -O2  conftest.c >&5
configure:4466: $? = 0
configure:4539: gcc -o conftest -g -O2   conftest.c  >&5
configure:4539: $? = 0
configure:4539: ./conftest
configure:4539: $? = 0
configure:4550: result: yes
configure:4563: checking for sys/types.h
configure:4563: gcc -c -g -O2  conftest.c >&5
configure:4563: $? = 0
configure:4563: result: yes
configure:4563: checking for sys/stat.h
configure:4563: gcc -c -g -O2  conftest.c >&5
configure:4563: $? = 0
configure:4563: result: yes
configure:4563: checking for stdlib.h
configure:4563: gcc -c -g -O2  conftest.c >&5
configure:4563: $? = 0
configure:4563: result: yes
configure:4563: checking for string.h
configure:4563: gcc -c -g -O2  conftest.c >&5
configure:4563: $? = 0
configure:4563: result: yes
configure:4563: checking for memory.h
configure:4563: gcc -c -g -O2  conftest.c >&5
configure:4563: $? = 0
configure:4563: result: yes
configure:4563: checking for strings.h
configure:4563: gcc -c -g -O2  conftest.c >&5
configure:4563: $? = 0
configure:4563: result: yes
configure:4563: checking for inttypes.h
configure:4563: gcc -c -g -O2  conftest.c >&5
configure:4563: $? = 0
configure:4563: result: yes
configure:4563: checking for stdint.h
configure:4563: gcc -c -g -O2  conftest.c >&5
configure:4563: $? = 0
configure:4563: result: yes
configure:4563: checking for unistd.h
configure:4563: gcc -c -g -O2  conftest.c >&5
configure:4563: $? = 0
configure:4563: result: yes
configure:4576: checking minix/config.h usability
configure:4576: gcc -c -g -O2  conftest.c >&5
conftest.c:54:26: fatal error: minix/config.h: No such file or directory
 #include <minix/config.h>
                          ^
compilation terminated.
configure:4576: $? = 1
configure: failed program was:
| /* confdefs.h */
| #define PACKAGE_NAME "bluez"
| #define PACKAGE_TARNAME "bluez"
| #define PACKAGE_VERSION "5.48"
| #define PACKAGE_STRING "bluez 5.48"
| #define PACKAGE_BUGREPORT ""
| #define PACKAGE_URL ""
| #define PACKAGE "bluez"
| #define VERSION "5.48"
| #define STDC_HEADERS 1
| #define HAVE_SYS_TYPES_H 1
| #define HAVE_SYS_STAT_H 1
| #define HAVE_STDLIB_H 1
| #define HAVE_STRING_H 1
| #define HAVE_MEMORY_H 1
| #define HAVE_STRINGS_H 1
| #define HAVE_INTTYPES_H 1
| #define HAVE_STDINT_H 1
| #define HAVE_UNISTD_H 1
| /* end confdefs.h.  */
| #include <stdio.h>
| #ifdef HAVE_SYS_TYPES_H
| # include <sys/types.h>
| #endif
| #ifdef HAVE_SYS_STAT_H
| # include <sys/stat.h>
| #endif
| #ifdef STDC_HEADERS
| # include <stdlib.h>
| # include <stddef.h>
| #else
| # ifdef HAVE_STDLIB_H
| #  include <stdlib.h>
| # endif
| #endif
| #ifdef HAVE_STRING_H
| # if !defined STDC_HEADERS && defined HAVE_MEMORY_H
| #  include <memory.h>
| # endif
| # include <string.h>
| #endif
| #ifdef HAVE_STRINGS_H
| # include <strings.h>
| #endif
| #ifdef HAVE_INTTYPES_H
| # include <inttypes.h>
| #endif
| #ifdef HAVE_STDINT_H
| # include <stdint.h>
| #endif
| #ifdef HAVE_UNISTD_H
| # include <unistd.h>
| #endif
| #include <minix/config.h>
configure:4576: result: no
configure:4576: checking minix/config.h presence
configure:4576: gcc -E  conftest.c
conftest.c:21:26: fatal error: minix/config.h: No such file or directory
 #include <minix/config.h>
                          ^
compilation terminated.
configure:4576: $? = 1
configure: failed program was:
| /* confdefs.h */
| #define PACKAGE_NAME "bluez"
| #define PACKAGE_TARNAME "bluez"
| #define PACKAGE_VERSION "5.48"
| #define PACKAGE_STRING "bluez 5.48"
| #define PACKAGE_BUGREPORT ""
| #define PACKAGE_URL ""
| #define PACKAGE "bluez"
| #define VERSION "5.48"
| #define STDC_HEADERS 1
| #define HAVE_SYS_TYPES_H 1
| #define HAVE_SYS_STAT_H 1
| #define HAVE_STDLIB_H 1
| #define HAVE_STRING_H 1
| #define HAVE_MEMORY_H 1
| #define HAVE_STRINGS_H 1
| #define HAVE_INTTYPES_H 1
| #define HAVE_STDINT_H 1
| #define HAVE_UNISTD_H 1
| /* end confdefs.h.  */
| #include <minix/config.h>
configure:4576: result: no
configure:4576: checking for minix/config.h
configure:4576: result: no
configure:4597: checking whether it is safe to define __EXTENSIONS__
configure:4615: gcc -c -g -O2  conftest.c >&5
configure:4615: $? = 0
configure:4622: result: yes
configure:4648: checking whether make supports nested variables
configure:4665: result: yes
configure:4678: checking whether to enable maintainer-specific portions of Makefiles
configure:4687: result: no
configure:4757: checking for pkg-config
configure:4775: found /usr/bin/pkg-config
configure:4787: result: /usr/bin/pkg-config
configure:4812: checking pkg-config is at least version 0.9.0
configure:4815: result: yes
configure:4851: checking for C/C++ restrict keyword
configure:4876: gcc -c -g -O2  conftest.c >&5
configure:4876: $? = 0
configure:4884: result: __restrict
configure:4946: checking for gcc
configure:4973: result: gcc
configure:5202: checking for C compiler version
configure:5211: gcc --version >&5
gcc (Raspbian 6.3.0-18+rpi1) 6.3.0 20170516
Copyright (C) 2016 Free Software Foundation, Inc.
This is free software; see the source for copying conditions.  There is NO
warranty; not even for MERCHANTABILITY or FITNESS FOR A PARTICULAR PURPOSE.

configure:5222: $? = 0
configure:5211: gcc -v >&5
Using built-in specs.
COLLECT_GCC=gcc
COLLECT_LTO_WRAPPER=/usr/lib/gcc/arm-linux-gnueabihf/6/lto-wrapper
Target: arm-linux-gnueabihf
Configured with: ../src/configure -v --with-pkgversion='Raspbian 6.3.0-18+rpi1' --with-bugurl=file:///usr/share/doc/gcc-6/README.Bugs --enable-languages=c,ada,c++,java,go,d,fortran,objc,obj-c++ --prefix=/usr --program-suffix=-6 --program-prefix=arm-linux-gnueabihf- --enable-shared --enable-linker-build-id --libexecdir=/usr/lib --without-included-gettext --enable-threads=posix --libdir=/usr/lib --enable-nls --with-sysroot=/ --enable-clocale=gnu --enable-libstdcxx-debug --enable-libstdcxx-time=yes --with-default-libstdcxx-abi=new --enable-gnu-unique-object --disable-libitm --disable-libquadmath --enable-plugin --with-system-zlib --disable-browser-plugin --enable-java-awt=gtk --enable-gtk-cairo --with-java-home=/usr/lib/jvm/java-1.5.0-gcj-6-armhf/jre --enable-java-home --with-jvm-root-dir=/usr/lib/jvm/java-1.5.0-gcj-6-armhf --with-jvm-jar-dir=/usr/lib/jvm-exports/java-1.5.0-gcj-6-armhf --with-arch-directory=arm --with-ecj-jar=/usr/share/java/eclipse-ecj.jar --with-target-system-zlib --enable-objc-gc=auto --enable-multiarch --disable-sjlj-exceptions --with-arch=armv6 --with-fpu=vfp --with-float=hard --enable-checking=release --build=arm-linux-gnueabihf --host=arm-linux-gnueabihf --target=arm-linux-gnueabihf
Thread model: posix
gcc version 6.3.0 20170516 (Raspbian 6.3.0-18+rpi1) 
configure:5222: $? = 0
configure:5211: gcc -V >&5
gcc: error: unrecognized command line option '-V'
gcc: fatal error: no input files
compilation terminated.
configure:5222: $? = 1
configure:5211: gcc -qversion >&5
gcc: error: unrecognized command line option '-qversion'; did you mean '--version'?
gcc: fatal error: no input files
compilation terminated.
configure:5222: $? = 1
configure:5226: checking whether we are using the GNU C compiler
configure:5254: result: yes
configure:5263: checking whether gcc accepts -g
configure:5324: result: yes
configure:5341: checking for gcc option to accept ISO C89
configure:5417: result: none needed
configure:5442: checking whether gcc understands -c and -o together
configure:5479: result: yes
configure:5498: checking dependency style of gcc
configure:5609: result: gcc3
configure:5626: checking whether gcc accepts -fPIE
configure:5641: result: yes
configure:5710: checking build system type
configure:5724: result: armv7l-unknown-linux-gnueabihf
configure:5744: checking host system type
configure:5757: result: armv7l-unknown-linux-gnueabihf
configure:5798: checking how to print strings
configure:5825: result: printf
configure:5846: checking for a sed that does not truncate output
configure:5910: result: /bin/sed
configure:5928: checking for fgrep
configure:5990: result: /bin/grep -F
configure:6025: checking for ld used by gcc
configure:6092: result: /usr/bin/ld
configure:6099: checking if the linker (/usr/bin/ld) is GNU ld
configure:6114: result: yes
configure:6126: checking for BSD- or MS-compatible name lister (nm)
configure:6175: result: /usr/bin/nm -B
configure:6305: checking the name lister (/usr/bin/nm -B) interface
configure:6312: gcc -c -g -O2  conftest.c >&5
configure:6315: /usr/bin/nm -B "conftest.o"
configure:6318: output
00000000 B some_variable
configure:6325: result: BSD nm
configure:6328: checking whether ln -s works
configure:6332: result: yes
configure:6340: checking the maximum length of command line arguments
configure:6471: result: 1572864
configure:6488: checking whether the shell understands some XSI constructs
configure:6498: result: yes
configure:6502: checking whether the shell understands "+="
configure:6508: result: yes
configure:6543: checking how to convert armv7l-unknown-linux-gnueabihf file names to armv7l-unknown-linux-gnueabihf format
configure:6583: result: func_convert_file_noop
configure:6590: checking how to convert armv7l-unknown-linux-gnueabihf file names to toolchain format
configure:6610: result: func_convert_file_noop
configure:6617: checking for /usr/bin/ld option to reload object files
configure:6624: result: -r
configure:6698: checking for objdump
configure:6714: found /usr/bin/objdump
configure:6725: result: objdump
configure:6757: checking how to recognize dependent libraries
configure:6955: result: pass_all
configure:7040: checking for dlltool
configure:7070: result: no
configure:7100: checking how to associate runtime and link libraries
configure:7127: result: printf %s\n
configure:7187: checking for ar
configure:7203: found /usr/bin/ar
configure:7214: result: ar
configure:7251: checking for archiver @FILE support
configure:7268: gcc -c -g -O2  conftest.c >&5
configure:7268: $? = 0
configure:7271: ar cru libconftest.a @conftest.lst >&5
ar: `u' modifier ignored since `D' is the default (see `U')
configure:7274: $? = 0
configure:7279: ar cru libconftest.a @conftest.lst >&5
ar: `u' modifier ignored since `D' is the default (see `U')
ar: conftest.o: No such file or directory
configure:7282: $? = 1
configure:7294: result: @
configure:7352: checking for strip
configure:7368: found /usr/bin/strip
configure:7379: result: strip
configure:7451: checking for ranlib
configure:7467: found /usr/bin/ranlib
configure:7478: result: ranlib
configure:7580: checking command to parse /usr/bin/nm -B output from gcc object
configure:7700: gcc -c -g -O2  conftest.c >&5
configure:7703: $? = 0
configure:7707: /usr/bin/nm -B conftest.o \| sed -n -e 's/^.*[ ]\([ABCDGIRSTW][ABCDGIRSTW]*\)[ ][ ]*\([_A-Za-z][_A-Za-z0-9]*\)$/\1 \2 \2/p' | sed '/ __gnu_lto/d' \> conftest.nm
configure:7710: $? = 0
configure:7776: gcc -o conftest -g -O2   conftest.c conftstm.o >&5
configure:7779: $? = 0
configure:7817: result: ok
configure:7854: checking for sysroot
configure:7884: result: no
configure:8153: checking for mt
configure:8169: found /bin/mt
configure:8180: result: mt
configure:8203: checking if mt is a manifest tool
configure:8209: mt '-?'
configure:8217: result: no
configure:8856: checking for dlfcn.h
configure:8856: gcc -c -g -O2  conftest.c >&5
configure:8856: $? = 0
configure:8856: result: yes
configure:9032: checking for objdir
configure:9047: result: .libs
configure:9314: checking if gcc supports -fno-rtti -fno-exceptions
configure:9332: gcc -c -g -O2  -fno-rtti -fno-exceptions conftest.c >&5
cc1: warning: command line option '-fno-rtti' is valid for C++/ObjC++ but not for C
configure:9336: $? = 0
configure:9349: result: no
configure:9676: checking for gcc option to produce PIC
configure:9683: result: -fPIC -DPIC
configure:9691: checking if gcc PIC flag -fPIC -DPIC works
configure:9709: gcc -c -g -O2  -fPIC -DPIC -DPIC conftest.c >&5
configure:9713: $? = 0
configure:9726: result: yes
configure:9755: checking if gcc static flag -static works
configure:9783: result: yes
configure:9798: checking if gcc supports -c -o file.o
configure:9819: gcc -c -g -O2  -o out/conftest2.o conftest.c >&5
configure:9823: $? = 0
configure:9845: result: yes
configure:9853: checking if gcc supports -c -o file.o
configure:9900: result: yes
configure:9933: checking whether the gcc linker (/usr/bin/ld) supports shared libraries
configure:11090: result: yes
configure:11127: checking whether -lc should be explicitly linked in
configure:11135: gcc -c -g -O2  conftest.c >&5
configure:11138: $? = 0
configure:11153: gcc -shared  -fPIC -DPIC conftest.o  -v -Wl,-soname -Wl,conftest -o conftest 2\>\&1 \| /bin/grep  -lc  \>/dev/null 2\>\&1
configure:11156: $? = 0
configure:11170: result: no
configure:11330: checking dynamic linker characteristics
configure:11830: gcc -o conftest -g -O2   -Wl,-rpath -Wl,/foo conftest.c  >&5
configure:11830: $? = 0
configure:12064: result: GNU/Linux ld.so
configure:12171: checking how to hardcode library paths into programs
configure:12196: result: immediate
configure:12736: checking whether stripping libraries is possible
configure:12741: result: yes
configure:12776: checking if libtool supports shared libraries
configure:12778: result: yes
configure:12781: checking whether to build shared libraries
configure:12802: result: yes
configure:12805: checking whether to build static libraries
configure:12809: result: no
configure:13047: checking for signalfd
configure:13047: gcc -o conftest -g -O2   conftest.c  >&5
configure:13047: $? = 0
configure:13047: result: yes
configure:13055: checking for clock_gettime in -lrt
configure:13080: gcc -o conftest -g -O2   conftest.c -lrt   >&5
configure:13080: $? = 0
configure:13089: result: yes
configure:13098: checking for pthread_create in -lpthread
configure:13123: gcc -o conftest -g -O2   conftest.c -lpthread   >&5
configure:13123: $? = 0
configure:13132: result: yes
configure:13141: checking for dlopen in -ldl
configure:13166: gcc -o conftest -g -O2   conftest.c -ldl   >&5
configure:13166: $? = 0
configure:13175: result: yes
configure:13187: checking linux/types.h usability
configure:13187: gcc -c -g -O2  conftest.c >&5
configure:13187: $? = 0
configure:13187: result: yes
configure:13187: checking linux/types.h presence
configure:13187: gcc -E  conftest.c
configure:13187: $? = 0
configure:13187: result: yes
configure:13187: checking for linux/types.h
configure:13187: result: yes
configure:13187: checking linux/if_alg.h usability
configure:13187: gcc -c -g -O2  conftest.c >&5
configure:13187: $? = 0
configure:13187: result: yes
configure:13187: checking linux/if_alg.h presence
configure:13187: gcc -E  conftest.c
configure:13187: $? = 0
configure:13187: result: yes
configure:13187: checking for linux/if_alg.h
configure:13187: result: yes
configure:13200: checking for GLIB
configure:13207: $PKG_CONFIG --exists --print-errors "glib-2.0 >= 2.28"
configure:13210: $? = 0
configure:13224: $PKG_CONFIG --exists --print-errors "glib-2.0 >= 2.28"
configure:13227: $? = 0
configure:13265: result: yes
configure:13353: checking for DBUS
configure:13360: $PKG_CONFIG --exists --print-errors "dbus-1 >= 1.6"
configure:13363: $? = 0
configure:13377: $PKG_CONFIG --exists --print-errors "dbus-1 >= 1.6"
configure:13380: $? = 0
configure:13418: result: yes
configure:13432: checking D-Bus configuration directory
configure:13438: result: /etc
configure:13451: checking D-Bus system bus services dir
configure:13457: result: /usr/share/dbus-1/system-services
configure:13470: checking D-Bus session bus services dir
configure:13476: result: /usr/share/dbus-1/services
configure:13682: checking for UDEV
configure:13689: $PKG_CONFIG --exists --print-errors "libudev >= 172"
configure:13692: $? = 0
configure:13706: $PKG_CONFIG --exists --print-errors "libudev >= 172"
configure:13709: $? = 0
configure:13747: result: yes
configure:13753: checking for udev_hwdb_new in -ludev
configure:13778: gcc -o conftest -g -O2   conftest.c -ludev   >&5
configure:13778: $? = 0
configure:13787: result: yes
configure:13812: checking udev directory
configure:13818: result: /lib/udev
configure:14036: checking for ICAL
configure:14043: $PKG_CONFIG --exists --print-errors "libical"
configure:14046: $? = 0
configure:14060: $PKG_CONFIG --exists --print-errors "libical"
configure:14063: $? = 0
configure:14101: result: yes
configure:14224: checking readline/readline.h usability
configure:14224: gcc -c -g -O2  conftest.c >&5
configure:14224: $? = 0
configure:14224: result: yes
configure:14224: checking readline/readline.h presence
configure:14224: gcc -E  conftest.c
configure:14224: $? = 0
configure:14224: result: yes
configure:14224: checking for readline/readline.h
configure:14224: result: yes
configure:14267: checking systemd system unit dir
configure:14273: result: /lib/systemd/system
configure:14286: checking systemd user unit dir
configure:14292: result: /usr/lib/systemd/user
configure:14699: checking that generated files are newer than configure
configure:14705: result: done
configure:14864: creating ./config.status

## ---------------------- ##
## Running config.status. ##
## ---------------------- ##

This file was extended by bluez config.status 5.48, which was
generated by GNU Autoconf 2.69.  Invocation command line was

  CONFIG_FILES    = 
  CONFIG_HEADERS  = 
  CONFIG_LINKS    = 
  CONFIG_COMMANDS = 
  $ ./config.status 

on raspberrypi

config.status:1202: creating Makefile
config.status:1202: creating src/bluetoothd.8
config.status:1202: creating lib/bluez.pc
config.status:1202: creating config.h
config.status:1431: executing depfiles commands
config.status:1431: executing libtool commands

## ---------------- ##
## Cache variables. ##
## ---------------- ##

ac_cv_build=armv7l-unknown-linux-gnueabihf
ac_cv_c_compiler_gnu=yes
ac_cv_c_restrict=__restrict
ac_cv_env_ALSA_CFLAGS_set=
ac_cv_env_ALSA_CFLAGS_value=
ac_cv_env_ALSA_LIBS_set=
ac_cv_env_ALSA_LIBS_value=
ac_cv_env_CC_set=
ac_cv_env_CC_value=
ac_cv_env_CFLAGS_set=
ac_cv_env_CFLAGS_value=
ac_cv_env_CPPFLAGS_set=
ac_cv_env_CPPFLAGS_value=
ac_cv_env_CPP_set=
ac_cv_env_CPP_value=
ac_cv_env_DBUS_CFLAGS_set=
ac_cv_env_DBUS_CFLAGS_value=
ac_cv_env_DBUS_LIBS_set=
ac_cv_env_DBUS_LIBS_value=
ac_cv_env_ELL_CFLAGS_set=
ac_cv_env_ELL_CFLAGS_value=
ac_cv_env_ELL_LIBS_set=
ac_cv_env_ELL_LIBS_value=
ac_cv_env_GLIB_CFLAGS_set=
ac_cv_env_GLIB_CFLAGS_value=
ac_cv_env_GLIB_LIBS_set=
ac_cv_env_GLIB_LIBS_value=
ac_cv_env_GTHREAD_CFLAGS_set=
ac_cv_env_GTHREAD_CFLAGS_value=
ac_cv_env_GTHREAD_LIBS_set=
ac_cv_env_GTHREAD_LIBS_value=
ac_cv_env_ICAL_CFLAGS_set=
ac_cv_env_ICAL_CFLAGS_value=
ac_cv_env_ICAL_LIBS_set=
ac_cv_env_ICAL_LIBS_value=
ac_cv_env_JSONC_CFLAGS_set=
ac_cv_env_JSONC_CFLAGS_value=
ac_cv_env_JSONC_LIBS_set=
ac_cv_env_JSONC_LIBS_value=
ac_cv_env_LDFLAGS_set=
ac_cv_env_LDFLAGS_value=
ac_cv_env_LIBS_set=
ac_cv_env_LIBS_value=
ac_cv_env_PKG_CONFIG_LIBDIR_set=
ac_cv_env_PKG_CONFIG_LIBDIR_value=
ac_cv_env_PKG_CONFIG_PATH_set=
ac_cv_env_PKG_CONFIG_PATH_value=
ac_cv_env_PKG_CONFIG_set=
ac_cv_env_PKG_CONFIG_value=
ac_cv_env_SBC_CFLAGS_set=
ac_cv_env_SBC_CFLAGS_value=
ac_cv_env_SBC_LIBS_set=
ac_cv_env_SBC_LIBS_value=
ac_cv_env_SPEEXDSP_CFLAGS_set=
ac_cv_env_SPEEXDSP_CFLAGS_value=
ac_cv_env_SPEEXDSP_LIBS_set=
ac_cv_env_SPEEXDSP_LIBS_value=
ac_cv_env_UDEV_CFLAGS_set=
ac_cv_env_UDEV_CFLAGS_value=
ac_cv_env_UDEV_LIBS_set=
ac_cv_env_UDEV_LIBS_value=
ac_cv_env_build_alias_set=
ac_cv_env_build_alias_value=
ac_cv_env_host_alias_set=
ac_cv_env_host_alias_value=
ac_cv_env_target_alias_set=
ac_cv_env_target_alias_value=
ac_cv_func_signalfd=yes
ac_cv_header_dlfcn_h=yes
ac_cv_header_inttypes_h=yes
ac_cv_header_linux_if_alg_h=yes
ac_cv_header_linux_types_h=yes
ac_cv_header_memory_h=yes
ac_cv_header_minix_config_h=no
ac_cv_header_readline_readline_h=yes
ac_cv_header_stdc=yes
ac_cv_header_stdint_h=yes
ac_cv_header_stdlib_h=yes
ac_cv_header_string_h=yes
ac_cv_header_strings_h=yes
ac_cv_header_sys_stat_h=yes
ac_cv_header_sys_types_h=yes
ac_cv_header_unistd_h=yes
ac_cv_host=armv7l-unknown-linux-gnueabihf
ac_cv_lib_dl_dlopen=yes
ac_cv_lib_pthread_pthread_create=yes
ac_cv_lib_rt_clock_gettime=yes
ac_cv_lib_udev_udev_hwdb_new=yes
ac_cv_objext=o
ac_cv_path_EGREP='/bin/grep -E'
ac_cv_path_FGREP='/bin/grep -F'
ac_cv_path_GREP=/bin/grep
ac_cv_path_SED=/bin/sed
ac_cv_path_ac_pt_PKG_CONFIG=/usr/bin/pkg-config
ac_cv_path_install='/usr/bin/install -c'
ac_cv_path_mkdir=/bin/mkdir
ac_cv_prog_AWK=mawk
ac_cv_prog_CPP='gcc -E'
ac_cv_prog_ac_ct_AR=ar
ac_cv_prog_ac_ct_CC=gcc
ac_cv_prog_ac_ct_MANIFEST_TOOL=mt
ac_cv_prog_ac_ct_OBJDUMP=objdump
ac_cv_prog_ac_ct_RANLIB=ranlib
ac_cv_prog_ac_ct_STRIP=strip
ac_cv_prog_cc_c89=
ac_cv_prog_cc_g=yes
ac_cv_prog_cc_pie=yes
ac_cv_prog_make_make_set=yes
ac_cv_safe_to_define___extensions__=yes
am_cv_CC_dependencies_compiler_type=gcc3
am_cv_make_support_nested_variables=yes
am_cv_prog_cc_c_o=yes
am_cv_prog_tar_pax=gnutar
lt_cv_ar_at_file=@
lt_cv_archive_cmds_need_lc=no
lt_cv_deplibs_check_method=pass_all
lt_cv_file_magic_cmd='$MAGIC_CMD'
lt_cv_file_magic_test_file=
lt_cv_ld_reload_flag=-r
lt_cv_nm_interface='BSD nm'
lt_cv_objdir=.libs
lt_cv_path_LD=/usr/bin/ld
lt_cv_path_NM='/usr/bin/nm -B'
lt_cv_path_mainfest_tool=no
lt_cv_prog_compiler_c_o=yes
lt_cv_prog_compiler_pic='-fPIC -DPIC'
lt_cv_prog_compiler_pic_works=yes
lt_cv_prog_compiler_rtti_exceptions=no
lt_cv_prog_compiler_static_works=yes
lt_cv_prog_gnu_ld=yes
lt_cv_sharedlib_from_linklib_cmd='printf %s\n'
lt_cv_shlibpath_overrides_runpath=no
lt_cv_sys_global_symbol_pipe='sed -n -e '\''s/^.*[	 ]\([ABCDGIRSTW][ABCDGIRSTW]*\)[	 ][	 ]*\([_A-Za-z][_A-Za-z0-9]*\)$/\1 \2 \2/p'\'' | sed '\''/ __gnu_lto/d'\'''
lt_cv_sys_global_symbol_to_c_name_address='sed -n -e '\''s/^: \([^ ]*\)[ ]*$/  {\"\1\", (void *) 0},/p'\'' -e '\''s/^[ABCDGIRSTW]* \([^ ]*\) \([^ ]*\)$/  {"\2", (void *) \&\2},/p'\'''
lt_cv_sys_global_symbol_to_c_name_address_lib_prefix='sed -n -e '\''s/^: \([^ ]*\)[ ]*$/  {\"\1\", (void *) 0},/p'\'' -e '\''s/^[ABCDGIRSTW]* \([^ ]*\) \(lib[^ ]*\)$/  {"\2", (void *) \&\2},/p'\'' -e '\''s/^[ABCDGIRSTW]* \([^ ]*\) \([^ ]*\)$/  {"lib\2", (void *) \&\2},/p'\'''
lt_cv_sys_global_symbol_to_cdecl='sed -n -e '\''s/^T .* \(.*\)$/extern int \1();/p'\'' -e '\''s/^[ABCDGIRSTW]* .* \(.*\)$/extern char \1;/p'\'''
lt_cv_sys_max_cmd_len=1572864
lt_cv_to_host_file_cmd=func_convert_file_noop
lt_cv_to_tool_file_cmd=func_convert_file_noop
pkg_cv_DBUS_CFLAGS='-I/usr/include/dbus-1.0 -I/usr/lib/arm-linux-gnueabihf/dbus-1.0/include'
pkg_cv_DBUS_LIBS=-ldbus-1
pkg_cv_GLIB_CFLAGS='-I/usr/include/glib-2.0 -I/usr/lib/arm-linux-gnueabihf/glib-2.0/include'
pkg_cv_GLIB_LIBS=-lglib-2.0
pkg_cv_ICAL_CFLAGS=
pkg_cv_ICAL_LIBS='-lical -licalss -licalvcal -lpthread /usr/lib/arm-linux-gnueabihf/libicuuc.so /usr/lib/arm-linux-gnueabihf/libicui18n.so'
pkg_cv_UDEV_CFLAGS=
pkg_cv_UDEV_LIBS=-ludev

## ----------------- ##
## Output variables. ##
## ----------------- ##

A2DP_FALSE='#'
A2DP_TRUE=''
ACLOCAL='${SHELL} /home/pi/Sk8/server/bluez-5.48/missing aclocal-1.14'
ALSA_CFLAGS=''
ALSA_LIBS=''
AMDEPBACKSLASH='\'
AMDEP_FALSE='#'
AMDEP_TRUE=''
AMTAR='$${TAR-tar}'
AM_BACKSLASH='\'
AM_DEFAULT_V='$(AM_DEFAULT_VERBOSITY)'
AM_DEFAULT_VERBOSITY='0'
AM_V='$(V)'
ANDROID_FALSE=''
ANDROID_TRUE='#'
AR='ar'
AUTOCONF='${SHELL} /home/pi/Sk8/server/bluez-5.48/missing autoconf'
AUTOHEADER='${SHELL} /home/pi/Sk8/server/bluez-5.48/missing autoheader'
AUTOMAKE='${SHELL} /home/pi/Sk8/server/bluez-5.48/missing automake-1.14'
AVRCP_FALSE='#'
AVRCP_TRUE=''
AWK='mawk'
BACKTRACE_CFLAGS=''
BACKTRACE_LIBS=''
BTPCLIENT_FALSE=''
BTPCLIENT_TRUE='#'
CC='gcc'
CCDEPMODE='depmode=gcc3'
CFLAGS='-g -O2'
CLIENT_FALSE='#'
CLIENT_TRUE=''
CONFIGDIR='/etc/bluetooth'
COVERAGE_FALSE=''
COVERAGE_TRUE='#'
CPP='gcc -E'
CPPFLAGS=''
CUPS_FALSE='#'
CUPS_TRUE=''
CYGPATH_W='echo'
DATAFILES_FALSE='#'
DATAFILES_TRUE=''
DBUS_CFLAGS='-I/usr/include/dbus-1.0 -I/usr/lib/arm-linux-gnueabihf/dbus-1.0/include'
DBUS_CONFDIR='/etc'
DBUS_LIBS='-ldbus-1'
DBUS_RUN_SESSION_FALSE=''
DBUS_RUN_SESSION_TRUE='#'
DBUS_SESSIONBUSDIR='/usr/share/dbus-1/services'
DBUS_SYSTEMBUSDIR='/usr/share/dbus-1/system-services'
DEFS='-DHAVE_CONFIG_H'
DEPDIR='.deps'
DEPRECATED_FALSE=''
DEPRECATED_TRUE='#'
DLLTOOL='false'
DSYMUTIL=''
DUMPBIN=''
ECHO_C=''
ECHO_N='-n'
ECHO_T=''
EGREP='/bin/grep -E'
ELL_CFLAGS=''
ELL_LIBS=''
EXEEXT=''
EXPERIMENTAL_FALSE=''
EXPERIMENTAL_TRUE='#'
FGREP='/bin/grep -F'
GLIB_CFLAGS='-I/usr/include/glib-2.0 -I/usr/lib/arm-linux-gnueabihf/glib-2.0/include'
GLIB_LIBS='-lglib-2.0'
GREP='/bin/grep'
GTHREAD_CFLAGS=''
GTHREAD_LIBS=''
HEALTH_FALSE=''
HEALTH_TRUE='#'
HID2HCI_FALSE='#'
HID2HCI_TRUE=''
HID_FALSE='#'
HID_TRUE=''
HOG_FALSE='#'
HOG_TRUE=''
ICAL_CFLAGS=''
ICAL_LIBS='-lical -licalss -licalvcal -lpthread /usr/lib/arm-linux-gnueabihf/libicuuc.so /usr/lib/arm-linux-gnueabihf/libicui18n.so'
INSTALL_DATA='${INSTALL} -m 644'
INSTALL_PROGRAM='${INSTALL}'
INSTALL_SCRIPT='${INSTALL}'
INSTALL_STRIP_PROGRAM='$(install_sh) -c -s'
JSONC_CFLAGS=''
JSONC_LIBS=''
JSON_CFLAGS=''
JSON_LIBS=''
LD='/usr/bin/ld'
LDFLAGS=''
LIBOBJS=''
LIBRARY_FALSE=''
LIBRARY_TRUE='#'
LIBS=''
LIBTOOL='$(SHELL) $(top_builddir)/libtool'
LIPO=''
LN_S='ln -s'
LTLIBOBJS=''
MAINT='#'
MAINTAINER_MODE_FALSE=''
MAINTAINER_MODE_TRUE='#'
MAKEINFO='${SHELL} /home/pi/Sk8/server/bluez-5.48/missing makeinfo'
MANIFEST_TOOL=':'
MANPAGES_FALSE=''
MANPAGES_TRUE='#'
MESH_FALSE=''
MESH_TRUE='#'
MIDI_FALSE=''
MIDI_TRUE='#'
MISC_CFLAGS=''
MISC_LDFLAGS=''
MKDIR_P='/bin/mkdir -p'
MONITOR_FALSE='#'
MONITOR_TRUE=''
NETWORK_FALSE='#'
NETWORK_TRUE=''
NFC_FALSE=''
NFC_TRUE='#'
NM='/usr/bin/nm -B'
NMEDIT=''
OBEX_FALSE='#'
OBEX_TRUE=''
OBJDUMP='objdump'
OBJEXT='o'
OTOOL64=''
OTOOL=''
PACKAGE='bluez'
PACKAGE_BUGREPORT=''
PACKAGE_NAME='bluez'
PACKAGE_STRING='bluez 5.48'
PACKAGE_TARNAME='bluez'
PACKAGE_URL=''
PACKAGE_VERSION='5.48'
PATH_SEPARATOR=':'
PKG_CONFIG='/usr/bin/pkg-config'
PKG_CONFIG_LIBDIR=''
PKG_CONFIG_PATH=''
RANLIB='ranlib'
READLINE_FALSE='#'
READLINE_TRUE=''
SAP_FALSE=''
SAP_TRUE='#'
SBC_CFLAGS=''
SBC_LIBS=''
SED='/bin/sed'
SET_MAKE=''
SHELL='/bin/bash'
SIXAXIS_FALSE=''
SIXAXIS_TRUE='#'
SPEEXDSP_CFLAGS=''
SPEEXDSP_LIBS=''
STRIP='strip'
SYSTEMD_FALSE='#'
SYSTEMD_SYSTEMUNITDIR='/lib/systemd/system'
SYSTEMD_TRUE=''
SYSTEMD_USERUNITDIR='/usr/lib/systemd/user'
TESTING_FALSE=''
TESTING_TRUE='#'
TEST_FALSE=''
TEST_TRUE='#'
TOOLS_FALSE='#'
TOOLS_TRUE=''
UDEV_CFLAGS=''
UDEV_DIR='/lib/udev'
UDEV_FALSE='#'
UDEV_LIBS='-ludev'
UDEV_TRUE=''
VALGRIND_FALSE=''
VALGRIND_TRUE='#'
VERSION='5.48'
WARNING_CFLAGS=''
ac_ct_AR='ar'
ac_ct_CC='gcc'
ac_ct_DUMPBIN=''
am__EXEEXT_FALSE=''
am__EXEEXT_TRUE='#'
am__fastdepCC_FALSE='#'
am__fastdepCC_TRUE=''
am__include='include'
am__isrc=''
am__leading_dot='.'
am__nodep='_no'
am__quote=''
am__tar='tar --format=posix -chf - "$$tardir"'
am__untar='tar -xf -'
bindir='${exec_prefix}/bin'
build='armv7l-unknown-linux-gnueabihf'
build_alias=''
build_cpu='armv7l'
build_os='linux-gnueabihf'
build_vendor='unknown'
datadir='${datarootdir}'
datarootdir='${prefix}/share'
docdir='${datarootdir}/doc/${PACKAGE_TARNAME}'
dvidir='${docdir}'
enable_coverage=''
enable_dbus_run_session=''
enable_valgrind=''
exec_prefix='${prefix}'
host='armv7l-unknown-linux-gnueabihf'
host_alias=''
host_cpu='armv7l'
host_os='linux-gnueabihf'
host_vendor='unknown'
htmldir='${docdir}'
includedir='${prefix}/include'
infodir='${datarootdir}/info'
install_sh='${SHELL} /home/pi/Sk8/server/bluez-5.48/install-sh'
libdir='${exec_prefix}/lib'
libexecdir='${exec_prefix}/libexec'
localedir='${datarootdir}/locale'
localstatedir='/var'
mandir='/usr/share/man'
mkdir_p='$(MKDIR_P)'
oldincludedir='/usr/include'
pdfdir='${docdir}'
prefix='/usr'
program_transform_name='s,x,x,'
psdir='${docdir}'
sbindir='${exec_prefix}/sbin'
sharedstatedir='${prefix}/com'
sysconfdir='/etc'
target_alias=''

## ----------- ##
## confdefs.h. ##
## ----------- ##

/* confdefs.h */
#define PACKAGE_NAME "bluez"
#define PACKAGE_TARNAME "bluez"
#define PACKAGE_VERSION "5.48"
#define PACKAGE_STRING "bluez 5.48"
#define PACKAGE_BUGREPORT ""
#define PACKAGE_URL ""
#define PACKAGE "bluez"
#define VERSION "5.48"
#define STDC_HEADERS 1
#define HAVE_SYS_TYPES_H 1
#define HAVE_SYS_STAT_H 1
#define HAVE_STDLIB_H 1
#define HAVE_STRING_H 1
#define HAVE_MEMORY_H 1
#define HAVE_STRINGS_H 1
#define HAVE_INTTYPES_H 1
#define HAVE_STDINT_H 1
#define HAVE_UNISTD_H 1
#define __EXTENSIONS__ 1
#define _ALL_SOURCE 1
#define _GNU_SOURCE 1
#define _POSIX_PTHREAD_SEMANTICS 1
#define _TANDEM_SOURCE 1
#define restrict __restrict
#define HAVE_DLFCN_H 1
#define LT_OBJDIR ".libs/"
#define HAVE_LINUX_TYPES_H 1
#define HAVE_LINUX_IF_ALG_H 1
#define HAVE_UDEV_HWDB_NEW 1
#define HAVE_READLINE_READLINE_H 1
#define STORAGEDIR "/var/lib/bluetooth"
#define CONFIGDIR "/etc/bluetooth"
#define ANDROID_STORAGEDIR "/var/lib/bluetooth/android"

configure: exit 0
